<?xml version="1.0" encoding="UTF-8"?>
<testng-results skipped="0" failed="0" total="1" passed="1">
  <reporter-output>
  </reporter-output>
  <suite name="Default suite" duration-ms="5949" started-at="2018-03-26T07:23:49Z" finished-at="2018-03-26T07:23:55Z">
    <groups>
    </groups>
    <test name="Default test" duration-ms="5949" started-at="2018-03-26T07:23:49Z" finished-at="2018-03-26T07:23:55Z">
      <class name="testCases.Sanity">
        <test-method status="PASS" signature="createDriver(java.lang.String)[pri:0, instance:testCases.Sanity@735b5592]" name="createDriver" is-config="true" duration-ms="4294" started-at="2018-03-26T10:23:49Z" finished-at="2018-03-26T10:23:53Z">
          <params>
            <param index="0">
              <value>
                <![CDATA[Chrome]]>
              </value>
            </param>
          </params>
          <reporter-output>
          </reporter-output>
        </test-method> <!-- createDriver -->
        <test-method status="PASS" signature="beforeClass()[pri:0, instance:testCases.Sanity@735b5592]" name="beforeClass" is-config="true" duration-ms="0" started-at="2018-03-26T10:23:49Z" finished-at="2018-03-26T10:23:49Z">
          <reporter-output>
          </reporter-output>
        </test-method> <!-- beforeClass -->
        <test-method status="PASS" signature="beforeMethod()[pri:0, instance:testCases.Sanity@735b5592]" name="beforeMethod" is-config="true" duration-ms="79" started-at="2018-03-26T10:23:53Z" finished-at="2018-03-26T10:23:53Z">
          <reporter-output>
          </reporter-output>
        </test-method> <!-- beforeMethod -->
        <test-method status="PASS" signature="assertlineBetweenOriginClear()[pri:0, instance:testCases.Sanity@735b5592]" name="assertlineBetweenOriginClear" duration-ms="669" started-at="2018-03-26T10:23:53Z" finished-at="2018-03-26T10:23:54Z">
          <reporter-output>
          </reporter-output>
        </test-method> <!-- assertlineBetweenOriginClear -->
        <test-method status="PASS" signature="afterMethod()[pri:0, instance:testCases.Sanity@735b5592]" name="afterMethod" is-config="true" duration-ms="891" started-at="2018-03-26T10:23:54Z" finished-at="2018-03-26T10:23:55Z">
          <reporter-output>
          </reporter-output>
        </test-method> <!-- afterMethod -->
      </class> <!-- testCases.Sanity -->
    </test> <!-- Default test -->
  </suite> <!-- Default suite -->
</testng-results>
